2023-08-29 14:56:10.0440|0|INFO|Microsoft.Hosting.Lifetime|Application started. Press Ctrl+C to shut down. |url: |action: |Microsoft.Extensions.Hosting.Internal.ConsoleLifetime.OnApplicationStarted
2023-08-29 14:56:10.0625|0|INFO|Microsoft.Hosting.Lifetime|Hosting environment: Development |url: |action: |Microsoft.Extensions.Hosting.Internal.ConsoleLifetime.OnApplicationStarted
2023-08-29 14:56:10.0625|0|INFO|Microsoft.Hosting.Lifetime|Content root path: E:\VS2022\SocialProgrammer\ToDoList |url: |action: |Microsoft.Extensions.Hosting.Internal.ApplicationLifetime.NotifyStarted
2023-08-29 14:56:15.9740|0|INFO|SocialProgrammer.Service.Implementations.ArticleService|Request for create an articles |url: https://localhost/Article/ArticleForm|action: ArticleForm|SocialProgrammer.Service.Implementations.ArticleService.GetAll
2023-08-29 14:56:15.9740|0|INFO|SocialProgrammer.Service.Implementations.ArticleService|Get articles |url: https://localhost/Article/ArticleForm|action: ArticleForm|SocialProgrammer.Service.Implementations.ArticleService.GetAll
2023-08-29 14:56:31.6768|0|INFO|SocialProgrammer.Service.Implementations.UserService|Request for login a user - Саша Пономаревввв |url: https://localhost/User/Login|action: Login|SocialProgrammer.Service.Implementations.UserService.LoginUser
2023-08-29 14:56:31.7706|0|INFO|SocialProgrammer.Service.Implementations.UserService|User logined - Саша Пономаревввв |url: https://localhost/User/Login|action: Login|SocialProgrammer.Service.Implementations.UserService.LoginUser
2023-08-29 14:56:31.7893|0|INFO|SocialProgrammer.Service.Implementations.ArticleService|Request for create an articles |url: https://localhost/Article/ArticleForm|action: ArticleForm|SocialProgrammer.Service.Implementations.ArticleService.GetAll
2023-08-29 14:56:31.7893|0|INFO|SocialProgrammer.Service.Implementations.ArticleService|Get articles |url: https://localhost/Article/ArticleForm|action: ArticleForm|SocialProgrammer.Service.Implementations.ArticleService.GetAll
2023-08-29 14:56:34.5688|0|INFO|SocialProgrammer.Service.Implementations.ArticleService|Request for create an articles |url: https://localhost/BestArticles/BestArticlesForm|action: BestArticlesForm|SocialProgrammer.Service.Implementations.ArticleService.GetAll
2023-08-29 14:56:34.5688|0|INFO|SocialProgrammer.Service.Implementations.ArticleService|Get articles |url: https://localhost/BestArticles/BestArticlesForm|action: BestArticlesForm|SocialProgrammer.Service.Implementations.ArticleService.GetAll
2023-08-29 14:56:43.9921|0|INFO|SocialProgrammer.Service.Implementations.ArticleService|Request for create an articles |url: https://localhost/Article/ArticleForm|action: ArticleForm|SocialProgrammer.Service.Implementations.ArticleService.GetAll
2023-08-29 14:56:43.9921|0|INFO|SocialProgrammer.Service.Implementations.ArticleService|Get articles |url: https://localhost/Article/ArticleForm|action: ArticleForm|SocialProgrammer.Service.Implementations.ArticleService.GetAll
2023-08-29 14:58:11.5047|0|INFO|Microsoft.Hosting.Lifetime|Application started. Press Ctrl+C to shut down. |url: |action: |Microsoft.Extensions.Hosting.Internal.ConsoleLifetime.OnApplicationStarted
2023-08-29 14:58:11.5222|0|INFO|Microsoft.Hosting.Lifetime|Hosting environment: Development |url: |action: |Microsoft.Extensions.Hosting.Internal.ConsoleLifetime.OnApplicationStarted
2023-08-29 14:58:11.5222|0|INFO|Microsoft.Hosting.Lifetime|Content root path: E:\VS2022\SocialProgrammer\ToDoList |url: |action: |Microsoft.Extensions.Hosting.Internal.ApplicationLifetime.NotifyStarted
2023-08-29 15:00:55.4846|0|INFO|Microsoft.Hosting.Lifetime|Application started. Press Ctrl+C to shut down. |url: |action: |Microsoft.Extensions.Hosting.Internal.ConsoleLifetime.OnApplicationStarted
2023-08-29 15:00:55.5002|0|INFO|Microsoft.Hosting.Lifetime|Hosting environment: Development |url: |action: |Microsoft.Extensions.Hosting.Internal.ConsoleLifetime.OnApplicationStarted
2023-08-29 15:00:55.5002|0|INFO|Microsoft.Hosting.Lifetime|Content root path: E:\VS2022\SocialProgrammer\ToDoList |url: |action: |Microsoft.Extensions.Hosting.Internal.ApplicationLifetime.NotifyStarted
2023-08-29 15:09:23.7575|0|INFO|Microsoft.Hosting.Lifetime|Application started. Press Ctrl+C to shut down. |url: |action: |Microsoft.Extensions.Hosting.Internal.ConsoleLifetime.OnApplicationStarted
2023-08-29 15:09:23.7777|0|INFO|Microsoft.Hosting.Lifetime|Hosting environment: Development |url: |action: |Microsoft.Extensions.Hosting.Internal.ConsoleLifetime.OnApplicationStarted
2023-08-29 15:09:23.7777|0|INFO|Microsoft.Hosting.Lifetime|Content root path: E:\VS2022\SocialProgrammer\ToDoList |url: |action: |Microsoft.Extensions.Hosting.Internal.ApplicationLifetime.NotifyStarted
2023-08-29 15:09:45.9250|0|INFO|Microsoft.Hosting.Lifetime|Application started. Press Ctrl+C to shut down. |url: |action: |Microsoft.Extensions.Hosting.Internal.ConsoleLifetime.OnApplicationStarted
2023-08-29 15:09:45.9250|0|INFO|Microsoft.Hosting.Lifetime|Hosting environment: Development |url: |action: |Microsoft.Extensions.Hosting.Internal.ConsoleLifetime.OnApplicationStarted
2023-08-29 15:09:45.9250|0|INFO|Microsoft.Hosting.Lifetime|Content root path: E:\VS2022\SocialProgrammer\ToDoList |url: |action: |Microsoft.Extensions.Hosting.Internal.ApplicationLifetime.NotifyStarted
2023-08-29 15:10:16.5974|0|INFO|Microsoft.Hosting.Lifetime|Application started. Press Ctrl+C to shut down. |url: |action: |Microsoft.Extensions.Hosting.Internal.ConsoleLifetime.OnApplicationStarted
2023-08-29 15:10:16.5974|0|INFO|Microsoft.Hosting.Lifetime|Hosting environment: Development |url: |action: |Microsoft.Extensions.Hosting.Internal.ConsoleLifetime.OnApplicationStarted
2023-08-29 15:10:16.5974|0|INFO|Microsoft.Hosting.Lifetime|Content root path: E:\VS2022\SocialProgrammer\ToDoList |url: |action: |Microsoft.Extensions.Hosting.Internal.ApplicationLifetime.NotifyStarted
2023-08-29 15:10:47.1817|0|INFO|Microsoft.Hosting.Lifetime|Application started. Press Ctrl+C to shut down. |url: |action: |Microsoft.Extensions.Hosting.Internal.ConsoleLifetime.OnApplicationStarted
2023-08-29 15:10:47.1968|0|INFO|Microsoft.Hosting.Lifetime|Hosting environment: Development |url: |action: |Microsoft.Extensions.Hosting.Internal.ConsoleLifetime.OnApplicationStarted
2023-08-29 15:10:47.1968|0|INFO|Microsoft.Hosting.Lifetime|Content root path: E:\VS2022\SocialProgrammer\ToDoList |url: |action: |Microsoft.Extensions.Hosting.Internal.ApplicationLifetime.NotifyStarted
2023-08-29 15:10:58.9149|0|INFO|SocialProgrammer.Service.Implementations.MessageService|Request for create a message - hjgfhjfghjgfhj |url: https://localhost/Message/CreateMessage|action: CreateMessage|SocialProgrammer.Service.Implementations.MessageService.CreateMessage
2023-08-29 15:10:59.0023|0|INFO|SocialProgrammer.Service.Implementations.MessageService|Message created: hjgfhjfghjgfhj |url: https://localhost/Message/CreateMessage|action: CreateMessage|SocialProgrammer.Service.Implementations.MessageService.CreateMessage
2023-08-29 15:11:12.5842|0|INFO|SocialProgrammer.Service.Implementations.ArticleService|Request for create an articles |url: https://localhost/Article/ArticleForm|action: ArticleForm|SocialProgrammer.Service.Implementations.ArticleService.GetAll
2023-08-29 15:11:12.5842|0|INFO|SocialProgrammer.Service.Implementations.ArticleService|Get articles |url: https://localhost/Article/ArticleForm|action: ArticleForm|SocialProgrammer.Service.Implementations.ArticleService.GetAll
2023-08-29 15:11:21.9404|0|INFO|SocialProgrammer.Service.Implementations.UserService|Request for login a user - Lavenka |url: https://localhost/User/Login|action: Login|SocialProgrammer.Service.Implementations.UserService.LoginUser
2023-08-29 15:11:21.9404|0|INFO|SocialProgrammer.Service.Implementations.UserService|User logined - Lavenka |url: https://localhost/User/Login|action: Login|SocialProgrammer.Service.Implementations.UserService.LoginUser
2023-08-29 15:11:21.9585|0|INFO|SocialProgrammer.Service.Implementations.ArticleService|Request for create an articles |url: https://localhost/Article/ArticleForm|action: ArticleForm|SocialProgrammer.Service.Implementations.ArticleService.GetAll
2023-08-29 15:11:21.9585|0|INFO|SocialProgrammer.Service.Implementations.ArticleService|Get articles |url: https://localhost/Article/ArticleForm|action: ArticleForm|SocialProgrammer.Service.Implementations.ArticleService.GetAll
2023-08-29 15:23:37.7861|0|INFO|Microsoft.Hosting.Lifetime|Application started. Press Ctrl+C to shut down. |url: |action: |Microsoft.Extensions.Hosting.Internal.ConsoleLifetime.OnApplicationStarted
2023-08-29 15:23:37.8008|0|INFO|Microsoft.Hosting.Lifetime|Hosting environment: Development |url: |action: |Microsoft.Extensions.Hosting.Internal.ConsoleLifetime.OnApplicationStarted
2023-08-29 15:23:37.8008|0|INFO|Microsoft.Hosting.Lifetime|Content root path: E:\VS2022\SocialProgrammer\ToDoList |url: |action: |Microsoft.Extensions.Hosting.Internal.ApplicationLifetime.NotifyStarted
2023-08-29 15:24:07.4410|0|INFO|SocialProgrammer.Service.Implementations.MessageService|Request for create a message - Loxloxlox |url: https://localhost/Message/CreateMessage|action: CreateMessage|SocialProgrammer.Service.Implementations.MessageService.CreateMessage
2023-08-29 15:24:07.5012|0|INFO|SocialProgrammer.Service.Implementations.MessageService|Message created: Loxloxlox |url: https://localhost/Message/CreateMessage|action: CreateMessage|SocialProgrammer.Service.Implementations.MessageService.CreateMessage
2023-08-29 15:24:27.1841|0|INFO|SocialProgrammer.Service.Implementations.MessageService|Request for create a message - Loxloxlox |url: https://localhost/Message/CreateMessage|action: CreateMessage|SocialProgrammer.Service.Implementations.MessageService.CreateMessage
2023-08-29 15:24:27.1954|0|INFO|SocialProgrammer.Service.Implementations.MessageService|Message created: Loxloxlox |url: https://localhost/Message/CreateMessage|action: CreateMessage|SocialProgrammer.Service.Implementations.MessageService.CreateMessage
2023-08-29 15:25:23.4979|0|INFO|Microsoft.Hosting.Lifetime|Application started. Press Ctrl+C to shut down. |url: |action: |Microsoft.Extensions.Hosting.Internal.ConsoleLifetime.OnApplicationStarted
2023-08-29 15:25:23.5133|0|INFO|Microsoft.Hosting.Lifetime|Hosting environment: Development |url: |action: |Microsoft.Extensions.Hosting.Internal.ConsoleLifetime.OnApplicationStarted
2023-08-29 15:25:23.5133|0|INFO|Microsoft.Hosting.Lifetime|Content root path: E:\VS2022\SocialProgrammer\ToDoList |url: |action: |Microsoft.Extensions.Hosting.Internal.ApplicationLifetime.NotifyStarted
2023-08-29 16:11:54.4582|0|INFO|Microsoft.Hosting.Lifetime|Application started. Press Ctrl+C to shut down. |url: |action: |Microsoft.Extensions.Hosting.Internal.ConsoleLifetime.OnApplicationStarted
2023-08-29 16:11:54.4958|0|INFO|Microsoft.Hosting.Lifetime|Hosting environment: Development |url: |action: |Microsoft.Extensions.Hosting.Internal.ConsoleLifetime.OnApplicationStarted
2023-08-29 16:11:54.4958|0|INFO|Microsoft.Hosting.Lifetime|Content root path: E:\VS2022\SocialProgrammer\ToDoList |url: |action: |Microsoft.Extensions.Hosting.Internal.ApplicationLifetime.NotifyStarted
2023-08-29 16:12:37.1632|0|INFO|SocialProgrammer.Service.Implementations.ArticleService|Request for create an articles |url: https://localhost/Article/ArticleForm|action: ArticleForm|SocialProgrammer.Service.Implementations.ArticleService.GetAll
2023-08-29 16:12:37.1632|0|INFO|SocialProgrammer.Service.Implementations.ArticleService|Get articles |url: https://localhost/Article/ArticleForm|action: ArticleForm|SocialProgrammer.Service.Implementations.ArticleService.GetAll
2023-08-29 16:12:52.5518|0|INFO|SocialProgrammer.Service.Implementations.UserService|Request for register a user - Lox |url: https://localhost/User/Register|action: Register|SocialProgrammer.Service.Implementations.UserService.RegisterUser
2023-08-29 16:12:52.5664|0|ERROR|Microsoft.AspNetCore.Mvc.ViewFeatures.ViewResultExecutor|The view 'Register' was not found. Searched locations: /Views/User/Register.cshtml, /Views/Shared/Register.cshtml |url: https://localhost/User/Register|action: Register|Microsoft.AspNetCore.Mvc.ViewFeatures.ViewResultExecutor+Log.ViewNotFound
2023-08-29 16:12:52.5664|0|ERROR|Microsoft.AspNetCore.Diagnostics.DeveloperExceptionPageMiddleware|An unhandled exception has occurred while executing the request. System.InvalidOperationException: The view 'Register' was not found. The following locations were searched:
/Views/User/Register.cshtml
/Views/Shared/Register.cshtml
   at Microsoft.AspNetCore.Mvc.ViewEngines.ViewEngineResult.EnsureSuccessful(IEnumerable`1 originalLocations)
   at Microsoft.AspNetCore.Mvc.ViewFeatures.ViewResultExecutor.ExecuteAsync(ActionContext context, ViewResult result)
   at Microsoft.AspNetCore.Mvc.ViewResult.ExecuteResultAsync(ActionContext context)
   at Microsoft.AspNetCore.Mvc.Infrastructure.ResourceInvoker.<InvokeResultAsync>g__Logged|22_0(ResourceInvoker invoker, IActionResult result)
   at Microsoft.AspNetCore.Mvc.Infrastructure.ResourceInvoker.<InvokeNextResultFilterAsync>g__Awaited|30_0[TFilter,TFilterAsync](ResourceInvoker invoker, Task lastTask, State next, Scope scope, Object state, Boolean isCompleted)
   at Microsoft.AspNetCore.Mvc.Infrastructure.ResourceInvoker.Rethrow(ResultExecutedContextSealed context)
   at Microsoft.AspNetCore.Mvc.Infrastructure.ResourceInvoker.ResultNext[TFilter,TFilterAsync](State& next, Scope& scope, Object& state, Boolean& isCompleted)
   at Microsoft.AspNetCore.Mvc.Infrastructure.ResourceInvoker.InvokeResultFilters()
--- End of stack trace from previous location ---
   at Microsoft.AspNetCore.Mvc.Infrastructure.ResourceInvoker.<InvokeNextResourceFilter>g__Awaited|25_0(ResourceInvoker invoker, Task lastTask, State next, Scope scope, Object state, Boolean isCompleted)
   at Microsoft.AspNetCore.Mvc.Infrastructure.ResourceInvoker.Rethrow(ResourceExecutedContextSealed context)
   at Microsoft.AspNetCore.Mvc.Infrastructure.ResourceInvoker.Next(State& next, Scope& scope, Object& state, Boolean& isCompleted)
   at Microsoft.AspNetCore.Mvc.Infrastructure.ResourceInvoker.<InvokeFilterPipelineAsync>g__Awaited|20_0(ResourceInvoker invoker, Task lastTask, State next, Scope scope, Object state, Boolean isCompleted)
   at Microsoft.AspNetCore.Mvc.Infrastructure.ResourceInvoker.<InvokeAsync>g__Logged|17_1(ResourceInvoker invoker)
   at Microsoft.AspNetCore.Mvc.Infrastructure.ResourceInvoker.<InvokeAsync>g__Logged|17_1(ResourceInvoker invoker)
   at Microsoft.AspNetCore.Routing.EndpointMiddleware.<Invoke>g__AwaitRequestTask|6_0(Endpoint endpoint, Task requestTask, ILogger logger)
   at Microsoft.AspNetCore.Authentication.AuthenticationMiddleware.Invoke(HttpContext context)
   at Microsoft.AspNetCore.Authorization.AuthorizationMiddleware.Invoke(HttpContext context)
   at Microsoft.AspNetCore.Diagnostics.DeveloperExceptionPageMiddlewareImpl.Invoke(HttpContext context)|url: https://localhost/User/Register|action: Register|Microsoft.AspNetCore.Diagnostics.DeveloperExceptionPageMiddlewareImpl.Invoke
2023-08-29 16:12:52.6824|0|INFO|SocialProgrammer.Service.Implementations.UserService|Request for register a user - Lox |url: https://localhost/User/Register|action: Register|SocialProgrammer.Service.Implementations.UserService.RegisterUser
2023-08-29 16:12:52.6919|0|ERROR|Microsoft.AspNetCore.Mvc.ViewFeatures.ViewResultExecutor|The view 'Register' was not found. Searched locations: /Views/User/Register.cshtml, /Views/Shared/Register.cshtml |url: https://localhost/User/Register|action: Register|Microsoft.AspNetCore.Mvc.ViewFeatures.ViewResultExecutor+Log.ViewNotFound
2023-08-29 16:12:52.6919|0|ERROR|Microsoft.AspNetCore.Diagnostics.DeveloperExceptionPageMiddleware|An unhandled exception has occurred while executing the request. System.InvalidOperationException: The view 'Register' was not found. The following locations were searched:
/Views/User/Register.cshtml
/Views/Shared/Register.cshtml
   at Microsoft.AspNetCore.Mvc.ViewEngines.ViewEngineResult.EnsureSuccessful(IEnumerable`1 originalLocations)
   at Microsoft.AspNetCore.Mvc.ViewFeatures.ViewResultExecutor.ExecuteAsync(ActionContext context, ViewResult result)
   at Microsoft.AspNetCore.Mvc.ViewResult.ExecuteResultAsync(ActionContext context)
   at Microsoft.AspNetCore.Mvc.Infrastructure.ResourceInvoker.<InvokeResultAsync>g__Logged|22_0(ResourceInvoker invoker, IActionResult result)
   at Microsoft.AspNetCore.Mvc.Infrastructure.ResourceInvoker.<InvokeNextResultFilterAsync>g__Awaited|30_0[TFilter,TFilterAsync](ResourceInvoker invoker, Task lastTask, State next, Scope scope, Object state, Boolean isCompleted)
   at Microsoft.AspNetCore.Mvc.Infrastructure.ResourceInvoker.Rethrow(ResultExecutedContextSealed context)
   at Microsoft.AspNetCore.Mvc.Infrastructure.ResourceInvoker.ResultNext[TFilter,TFilterAsync](State& next, Scope& scope, Object& state, Boolean& isCompleted)
   at Microsoft.AspNetCore.Mvc.Infrastructure.ResourceInvoker.InvokeResultFilters()
--- End of stack trace from previous location ---
   at Microsoft.AspNetCore.Mvc.Infrastructure.ResourceInvoker.<InvokeNextResourceFilter>g__Awaited|25_0(ResourceInvoker invoker, Task lastTask, State next, Scope scope, Object state, Boolean isCompleted)
   at Microsoft.AspNetCore.Mvc.Infrastructure.ResourceInvoker.Rethrow(ResourceExecutedContextSealed context)
   at Microsoft.AspNetCore.Mvc.Infrastructure.ResourceInvoker.Next(State& next, Scope& scope, Object& state, Boolean& isCompleted)
   at Microsoft.AspNetCore.Mvc.Infrastructure.ResourceInvoker.<InvokeFilterPipelineAsync>g__Awaited|20_0(ResourceInvoker invoker, Task lastTask, State next, Scope scope, Object state, Boolean isCompleted)
   at Microsoft.AspNetCore.Mvc.Infrastructure.ResourceInvoker.<InvokeAsync>g__Logged|17_1(ResourceInvoker invoker)
   at Microsoft.AspNetCore.Mvc.Infrastructure.ResourceInvoker.<InvokeAsync>g__Logged|17_1(ResourceInvoker invoker)
   at Microsoft.AspNetCore.Routing.EndpointMiddleware.<Invoke>g__AwaitRequestTask|6_0(Endpoint endpoint, Task requestTask, ILogger logger)
   at Microsoft.AspNetCore.Authentication.AuthenticationMiddleware.Invoke(HttpContext context)
   at Microsoft.AspNetCore.Authorization.AuthorizationMiddleware.Invoke(HttpContext context)
   at Microsoft.AspNetCore.Diagnostics.DeveloperExceptionPageMiddlewareImpl.Invoke(HttpContext context)|url: https://localhost/User/Register|action: Register|Microsoft.AspNetCore.Diagnostics.DeveloperExceptionPageMiddlewareImpl.Invoke
2023-08-29 16:12:59.5691|0|INFO|SocialProgrammer.Service.Implementations.UserService|Request for login a user - Lox |url: https://localhost/User/Login|action: Login|SocialProgrammer.Service.Implementations.UserService.LoginUser
2023-08-29 16:12:59.5860|0|ERROR|Microsoft.AspNetCore.Mvc.ViewFeatures.ViewResultExecutor|The view 'Login' was not found. Searched locations: /Views/User/Login.cshtml, /Views/Shared/Login.cshtml |url: https://localhost/User/Login|action: Login|Microsoft.AspNetCore.Mvc.ViewFeatures.ViewResultExecutor+Log.ViewNotFound
2023-08-29 16:12:59.5860|0|ERROR|Microsoft.AspNetCore.Diagnostics.DeveloperExceptionPageMiddleware|An unhandled exception has occurred while executing the request. System.InvalidOperationException: The view 'Login' was not found. The following locations were searched:
/Views/User/Login.cshtml
/Views/Shared/Login.cshtml
   at Microsoft.AspNetCore.Mvc.ViewEngines.ViewEngineResult.EnsureSuccessful(IEnumerable`1 originalLocations)
   at Microsoft.AspNetCore.Mvc.ViewFeatures.ViewResultExecutor.ExecuteAsync(ActionContext context, ViewResult result)
   at Microsoft.AspNetCore.Mvc.ViewResult.ExecuteResultAsync(ActionContext context)
   at Microsoft.AspNetCore.Mvc.Infrastructure.ResourceInvoker.<InvokeResultAsync>g__Logged|22_0(ResourceInvoker invoker, IActionResult result)
   at Microsoft.AspNetCore.Mvc.Infrastructure.ResourceInvoker.<InvokeNextResultFilterAsync>g__Awaited|30_0[TFilter,TFilterAsync](ResourceInvoker invoker, Task lastTask, State next, Scope scope, Object state, Boolean isCompleted)
   at Microsoft.AspNetCore.Mvc.Infrastructure.ResourceInvoker.Rethrow(ResultExecutedContextSealed context)
   at Microsoft.AspNetCore.Mvc.Infrastructure.ResourceInvoker.ResultNext[TFilter,TFilterAsync](State& next, Scope& scope, Object& state, Boolean& isCompleted)
   at Microsoft.AspNetCore.Mvc.Infrastructure.ResourceInvoker.InvokeResultFilters()
--- End of stack trace from previous location ---
   at Microsoft.AspNetCore.Mvc.Infrastructure.ResourceInvoker.<InvokeNextResourceFilter>g__Awaited|25_0(ResourceInvoker invoker, Task lastTask, State next, Scope scope, Object state, Boolean isCompleted)
   at Microsoft.AspNetCore.Mvc.Infrastructure.ResourceInvoker.Rethrow(ResourceExecutedContextSealed context)
   at Microsoft.AspNetCore.Mvc.Infrastructure.ResourceInvoker.Next(State& next, Scope& scope, Object& state, Boolean& isCompleted)
   at Microsoft.AspNetCore.Mvc.Infrastructure.ResourceInvoker.<InvokeFilterPipelineAsync>g__Awaited|20_0(ResourceInvoker invoker, Task lastTask, State next, Scope scope, Object state, Boolean isCompleted)
   at Microsoft.AspNetCore.Mvc.Infrastructure.ResourceInvoker.<InvokeAsync>g__Logged|17_1(ResourceInvoker invoker)
   at Microsoft.AspNetCore.Mvc.Infrastructure.ResourceInvoker.<InvokeAsync>g__Logged|17_1(ResourceInvoker invoker)
   at Microsoft.AspNetCore.Routing.EndpointMiddleware.<Invoke>g__AwaitRequestTask|6_0(Endpoint endpoint, Task requestTask, ILogger logger)
   at Microsoft.AspNetCore.Authentication.AuthenticationMiddleware.Invoke(HttpContext context)
   at Microsoft.AspNetCore.Authorization.AuthorizationMiddleware.Invoke(HttpContext context)
   at Microsoft.AspNetCore.Diagnostics.DeveloperExceptionPageMiddlewareImpl.Invoke(HttpContext context)|url: https://localhost/User/Login|action: Login|Microsoft.AspNetCore.Diagnostics.DeveloperExceptionPageMiddlewareImpl.Invoke
2023-08-29 16:13:15.9371|0|INFO|SocialProgrammer.Service.Implementations.UserService|Request for login a user - Lox |url: https://localhost/User/Login|action: Login|SocialProgrammer.Service.Implementations.UserService.LoginUser
2023-08-29 16:13:15.9441|0|ERROR|Microsoft.AspNetCore.Mvc.ViewFeatures.ViewResultExecutor|The view 'Login' was not found. Searched locations: /Views/User/Login.cshtml, /Views/Shared/Login.cshtml |url: https://localhost/User/Login|action: Login|Microsoft.AspNetCore.Mvc.ViewFeatures.ViewResultExecutor+Log.ViewNotFound
2023-08-29 16:13:15.9441|0|ERROR|Microsoft.AspNetCore.Diagnostics.DeveloperExceptionPageMiddleware|An unhandled exception has occurred while executing the request. System.InvalidOperationException: The view 'Login' was not found. The following locations were searched:
/Views/User/Login.cshtml
/Views/Shared/Login.cshtml
   at Microsoft.AspNetCore.Mvc.ViewEngines.ViewEngineResult.EnsureSuccessful(IEnumerable`1 originalLocations)
   at Microsoft.AspNetCore.Mvc.ViewFeatures.ViewResultExecutor.ExecuteAsync(ActionContext context, ViewResult result)
   at Microsoft.AspNetCore.Mvc.ViewResult.ExecuteResultAsync(ActionContext context)
   at Microsoft.AspNetCore.Mvc.Infrastructure.ResourceInvoker.<InvokeResultAsync>g__Logged|22_0(ResourceInvoker invoker, IActionResult result)
   at Microsoft.AspNetCore.Mvc.Infrastructure.ResourceInvoker.<InvokeNextResultFilterAsync>g__Awaited|30_0[TFilter,TFilterAsync](ResourceInvoker invoker, Task lastTask, State next, Scope scope, Object state, Boolean isCompleted)
   at Microsoft.AspNetCore.Mvc.Infrastructure.ResourceInvoker.Rethrow(ResultExecutedContextSealed context)
   at Microsoft.AspNetCore.Mvc.Infrastructure.ResourceInvoker.ResultNext[TFilter,TFilterAsync](State& next, Scope& scope, Object& state, Boolean& isCompleted)
   at Microsoft.AspNetCore.Mvc.Infrastructure.ResourceInvoker.InvokeResultFilters()
--- End of stack trace from previous location ---
   at Microsoft.AspNetCore.Mvc.Infrastructure.ResourceInvoker.<InvokeNextResourceFilter>g__Awaited|25_0(ResourceInvoker invoker, Task lastTask, State next, Scope scope, Object state, Boolean isCompleted)
   at Microsoft.AspNetCore.Mvc.Infrastructure.ResourceInvoker.Rethrow(ResourceExecutedContextSealed context)
   at Microsoft.AspNetCore.Mvc.Infrastructure.ResourceInvoker.Next(State& next, Scope& scope, Object& state, Boolean& isCompleted)
   at Microsoft.AspNetCore.Mvc.Infrastructure.ResourceInvoker.<InvokeFilterPipelineAsync>g__Awaited|20_0(ResourceInvoker invoker, Task lastTask, State next, Scope scope, Object state, Boolean isCompleted)
   at Microsoft.AspNetCore.Mvc.Infrastructure.ResourceInvoker.<InvokeAsync>g__Logged|17_1(ResourceInvoker invoker)
   at Microsoft.AspNetCore.Mvc.Infrastructure.ResourceInvoker.<InvokeAsync>g__Logged|17_1(ResourceInvoker invoker)
   at Microsoft.AspNetCore.Routing.EndpointMiddleware.<Invoke>g__AwaitRequestTask|6_0(Endpoint endpoint, Task requestTask, ILogger logger)
   at Microsoft.AspNetCore.Authentication.AuthenticationMiddleware.Invoke(HttpContext context)
   at Microsoft.AspNetCore.Authorization.AuthorizationMiddleware.Invoke(HttpContext context)
   at Microsoft.AspNetCore.Diagnostics.DeveloperExceptionPageMiddlewareImpl.Invoke(HttpContext context)|url: https://localhost/User/Login|action: Login|Microsoft.AspNetCore.Diagnostics.DeveloperExceptionPageMiddlewareImpl.Invoke
2023-08-29 16:13:17.9577|0|INFO|SocialProgrammer.Service.Implementations.ArticleService|Request for create an articles |url: https://localhost/BestArticles/BestArticlesForm|action: BestArticlesForm|SocialProgrammer.Service.Implementations.ArticleService.GetAll
2023-08-29 16:13:17.9577|0|INFO|SocialProgrammer.Service.Implementations.ArticleService|Get articles |url: https://localhost/BestArticles/BestArticlesForm|action: BestArticlesForm|SocialProgrammer.Service.Implementations.ArticleService.GetAll
2023-08-29 16:14:00.0254|0|INFO|SocialProgrammer.Service.Implementations.ArticleService|Request for create an articles |url: https://localhost/Article/ArticleForm|action: ArticleForm|SocialProgrammer.Service.Implementations.ArticleService.GetAll
2023-08-29 16:14:00.0254|0|INFO|SocialProgrammer.Service.Implementations.ArticleService|Get articles |url: https://localhost/Article/ArticleForm|action: ArticleForm|SocialProgrammer.Service.Implementations.ArticleService.GetAll
2023-08-29 16:14:09.2308|0|INFO|SocialProgrammer.Service.Implementations.ArticleService|Request for create an articles |url: https://localhost/Article/ArticleForm|action: ArticleForm|SocialProgrammer.Service.Implementations.ArticleService.GetAll
2023-08-29 16:14:09.2385|0|INFO|SocialProgrammer.Service.Implementations.ArticleService|Get articles |url: https://localhost/Article/ArticleForm|action: ArticleForm|SocialProgrammer.Service.Implementations.ArticleService.GetAll
2023-08-29 21:38:01.4047|0|INFO|Microsoft.Hosting.Lifetime|Application started. Press Ctrl+C to shut down. |url: |action: |Microsoft.Extensions.Hosting.Internal.ConsoleLifetime.OnApplicationStarted
2023-08-29 21:38:01.4265|0|INFO|Microsoft.Hosting.Lifetime|Hosting environment: Development |url: |action: |Microsoft.Extensions.Hosting.Internal.ConsoleLifetime.OnApplicationStarted
2023-08-29 21:38:01.4265|0|INFO|Microsoft.Hosting.Lifetime|Content root path: E:\VS2022\SocialProgrammer\ToDoList |url: |action: |Microsoft.Extensions.Hosting.Internal.ApplicationLifetime.NotifyStarted
2023-08-29 21:38:06.8848|0|INFO|SocialProgrammer.Service.Implementations.ArticleService|Request for create an articles |url: https://localhost/Article/ArticleForm|action: ArticleForm|SocialProgrammer.Service.Implementations.ArticleService.GetAll
2023-08-29 21:38:06.8848|0|INFO|SocialProgrammer.Service.Implementations.ArticleService|Get articles |url: https://localhost/Article/ArticleForm|action: ArticleForm|SocialProgrammer.Service.Implementations.ArticleService.GetAll
2023-08-29 21:38:08.6300|0|INFO|SocialProgrammer.Service.Implementations.ArticleService|Request for create an articles |url: https://localhost/BestArticles/BestArticlesForm|action: BestArticlesForm|SocialProgrammer.Service.Implementations.ArticleService.GetAll
2023-08-29 21:38:08.6300|0|INFO|SocialProgrammer.Service.Implementations.ArticleService|Get articles |url: https://localhost/BestArticles/BestArticlesForm|action: BestArticlesForm|SocialProgrammer.Service.Implementations.ArticleService.GetAll
2023-08-29 21:38:09.4249|0|INFO|SocialProgrammer.Service.Implementations.ArticleService|Request for create an articles |url: https://localhost/Article/ArticleForm|action: ArticleForm|SocialProgrammer.Service.Implementations.ArticleService.GetAll
2023-08-29 21:38:09.4249|0|INFO|SocialProgrammer.Service.Implementations.ArticleService|Get articles |url: https://localhost/Article/ArticleForm|action: ArticleForm|SocialProgrammer.Service.Implementations.ArticleService.GetAll
2023-08-29 21:39:26.5204|0|INFO|SocialProgrammer.Service.Implementations.UserService|Request for login a user - Саша Пономаревввв |url: https://localhost/User/Login|action: Login|SocialProgrammer.Service.Implementations.UserService.LoginUser
2023-08-29 21:39:26.5531|0|INFO|SocialProgrammer.Service.Implementations.UserService|User logined - Саша Пономаревввв |url: https://localhost/User/Login|action: Login|SocialProgrammer.Service.Implementations.UserService.LoginUser
2023-08-29 21:39:26.5659|0|INFO|SocialProgrammer.Service.Implementations.ArticleService|Request for create an articles |url: https://localhost/Article/ArticleForm|action: ArticleForm|SocialProgrammer.Service.Implementations.ArticleService.GetAll
2023-08-29 21:39:26.5659|0|INFO|SocialProgrammer.Service.Implementations.ArticleService|Get articles |url: https://localhost/Article/ArticleForm|action: ArticleForm|SocialProgrammer.Service.Implementations.ArticleService.GetAll
