2023-08-24 16:22:40.9425|0|INFO|Microsoft.Hosting.Lifetime|Application started. Press Ctrl+C to shut down. |url: |action: |Microsoft.Extensions.Hosting.Internal.ConsoleLifetime.OnApplicationStarted
2023-08-24 16:22:40.9607|0|INFO|Microsoft.Hosting.Lifetime|Hosting environment: Development |url: |action: |Microsoft.Extensions.Hosting.Internal.ConsoleLifetime.OnApplicationStarted
2023-08-24 16:22:40.9607|0|INFO|Microsoft.Hosting.Lifetime|Content root path: E:\VS2022\SocialProgrammer\ToDoList |url: |action: |Microsoft.Extensions.Hosting.Internal.ApplicationLifetime.NotifyStarted
2023-08-24 16:22:41.0501|0|ERROR|Microsoft.AspNetCore.Diagnostics.DeveloperExceptionPageMiddleware|An unhandled exception has occurred while executing the request. System.InvalidOperationException: Unable to resolve service for type 'SocialProgrammer.Service.Implementations.UserService' while attempting to activate 'SocialProgrammer.Controllers.UserController'.
   at Microsoft.Extensions.DependencyInjection.ActivatorUtilities.GetService(IServiceProvider sp, Type type, Type requiredBy, Boolean isDefaultParameterRequired)
   at lambda_method2(Closure, IServiceProvider, Object[])
   at Microsoft.AspNetCore.Mvc.Controllers.ControllerFactoryProvider.<>c__DisplayClass6_0.<CreateControllerFactory>g__CreateController|0(ControllerContext controllerContext)
   at Microsoft.AspNetCore.Mvc.Infrastructure.ControllerActionInvoker.Next(State& next, Scope& scope, Object& state, Boolean& isCompleted)
   at Microsoft.AspNetCore.Mvc.Infrastructure.ControllerActionInvoker.InvokeInnerFilterAsync()
--- End of stack trace from previous location ---
   at Microsoft.AspNetCore.Mvc.Infrastructure.ResourceInvoker.<InvokeNextResourceFilter>g__Awaited|25_0(ResourceInvoker invoker, Task lastTask, State next, Scope scope, Object state, Boolean isCompleted)
   at Microsoft.AspNetCore.Mvc.Infrastructure.ResourceInvoker.Rethrow(ResourceExecutedContextSealed context)
   at Microsoft.AspNetCore.Mvc.Infrastructure.ResourceInvoker.Next(State& next, Scope& scope, Object& state, Boolean& isCompleted)
   at Microsoft.AspNetCore.Mvc.Infrastructure.ResourceInvoker.InvokeFilterPipelineAsync()
--- End of stack trace from previous location ---
   at Microsoft.AspNetCore.Mvc.Infrastructure.ResourceInvoker.<InvokeAsync>g__Logged|17_1(ResourceInvoker invoker)
   at Microsoft.AspNetCore.Mvc.Infrastructure.ResourceInvoker.<InvokeAsync>g__Logged|17_1(ResourceInvoker invoker)
   at Microsoft.AspNetCore.Routing.EndpointMiddleware.<Invoke>g__AwaitRequestTask|6_0(Endpoint endpoint, Task requestTask, ILogger logger)
   at Microsoft.AspNetCore.Authentication.AuthenticationMiddleware.Invoke(HttpContext context)
   at Microsoft.AspNetCore.Authorization.AuthorizationMiddleware.Invoke(HttpContext context)
   at Microsoft.AspNetCore.Diagnostics.DeveloperExceptionPageMiddlewareImpl.Invoke(HttpContext context)|url: https://localhost/|action: Index|Microsoft.AspNetCore.Diagnostics.DeveloperExceptionPageMiddlewareImpl.Invoke
2023-08-24 16:23:11.8858|0|INFO|Microsoft.Hosting.Lifetime|Application started. Press Ctrl+C to shut down. |url: |action: |Microsoft.Extensions.Hosting.Internal.ConsoleLifetime.OnApplicationStarted
2023-08-24 16:23:11.9046|0|INFO|Microsoft.Hosting.Lifetime|Hosting environment: Development |url: |action: |Microsoft.Extensions.Hosting.Internal.ConsoleLifetime.OnApplicationStarted
2023-08-24 16:23:11.9046|0|INFO|Microsoft.Hosting.Lifetime|Content root path: E:\VS2022\SocialProgrammer\ToDoList |url: |action: |Microsoft.Extensions.Hosting.Internal.ApplicationLifetime.NotifyStarted
2023-08-24 16:23:58.8490|0|INFO|Microsoft.Hosting.Lifetime|Application started. Press Ctrl+C to shut down. |url: |action: |Microsoft.Extensions.Hosting.Internal.ConsoleLifetime.OnApplicationStarted
2023-08-24 16:23:58.8648|0|INFO|Microsoft.Hosting.Lifetime|Hosting environment: Development |url: |action: |Microsoft.Extensions.Hosting.Internal.ConsoleLifetime.OnApplicationStarted
2023-08-24 16:23:58.8648|0|INFO|Microsoft.Hosting.Lifetime|Content root path: E:\VS2022\SocialProgrammer\ToDoList |url: |action: |Microsoft.Extensions.Hosting.Internal.ApplicationLifetime.NotifyStarted
2023-08-24 16:24:11.6551|0|INFO|SocialProgrammer.Service.Implementations.UserService|Request for register a user - Саша Пономарев |url: https://localhost/User/Register|action: Register|SocialProgrammer.Service.Implementations.UserService.RegisterUser
2023-08-24 16:24:37.3794|0|INFO|SocialProgrammer.Service.Implementations.UserService|User created - Саша Пономарев |url: https://localhost/User/Register|action: Register|SocialProgrammer.Service.Implementations.UserService.RegisterUser
2023-08-24 16:25:52.4349|0|INFO|Microsoft.Hosting.Lifetime|Application started. Press Ctrl+C to shut down. |url: |action: |Microsoft.Extensions.Hosting.Internal.ConsoleLifetime.OnApplicationStarted
2023-08-24 16:25:52.4494|0|INFO|Microsoft.Hosting.Lifetime|Hosting environment: Development |url: |action: |Microsoft.Extensions.Hosting.Internal.ConsoleLifetime.OnApplicationStarted
2023-08-24 16:25:52.4494|0|INFO|Microsoft.Hosting.Lifetime|Content root path: E:\VS2022\SocialProgrammer\ToDoList |url: |action: |Microsoft.Extensions.Hosting.Internal.ApplicationLifetime.NotifyStarted
2023-08-24 16:49:00.2565|0|INFO|Microsoft.Hosting.Lifetime|Application started. Press Ctrl+C to shut down. |url: |action: |Microsoft.Extensions.Hosting.Internal.ConsoleLifetime.OnApplicationStarted
2023-08-24 16:49:00.2782|0|INFO|Microsoft.Hosting.Lifetime|Hosting environment: Development |url: |action: |Microsoft.Extensions.Hosting.Internal.ConsoleLifetime.OnApplicationStarted
2023-08-24 16:49:00.2782|0|INFO|Microsoft.Hosting.Lifetime|Content root path: E:\VS2022\SocialProgrammer\ToDoList |url: |action: |Microsoft.Extensions.Hosting.Internal.ApplicationLifetime.NotifyStarted
2023-08-24 16:49:11.8099|0|INFO|SocialProgrammer.Service.Implementations.UserService|Request for register a user - Саша Пономарев |url: https://localhost/User/Register|action: Register|SocialProgrammer.Service.Implementations.UserService.RegisterUser
2023-08-24 16:49:17.9999|0|ERROR|Microsoft.AspNetCore.Mvc.ViewFeatures.ViewResultExecutor|The view 'Register' was not found. Searched locations: /Views/User/Register.cshtml, /Views/Shared/Register.cshtml |url: https://localhost/User/Register|action: Register|Microsoft.AspNetCore.Mvc.ViewFeatures.ViewResultExecutor+Log.ViewNotFound
2023-08-24 16:49:18.0051|0|ERROR|Microsoft.AspNetCore.Diagnostics.DeveloperExceptionPageMiddleware|An unhandled exception has occurred while executing the request. System.InvalidOperationException: The view 'Register' was not found. The following locations were searched:
/Views/User/Register.cshtml
/Views/Shared/Register.cshtml
   at Microsoft.AspNetCore.Mvc.ViewEngines.ViewEngineResult.EnsureSuccessful(IEnumerable`1 originalLocations)
   at Microsoft.AspNetCore.Mvc.ViewFeatures.ViewResultExecutor.ExecuteAsync(ActionContext context, ViewResult result)
   at Microsoft.AspNetCore.Mvc.ViewResult.ExecuteResultAsync(ActionContext context)
   at Microsoft.AspNetCore.Mvc.Infrastructure.ResourceInvoker.<InvokeResultAsync>g__Logged|22_0(ResourceInvoker invoker, IActionResult result)
   at Microsoft.AspNetCore.Mvc.Infrastructure.ResourceInvoker.<InvokeNextResultFilterAsync>g__Awaited|30_0[TFilter,TFilterAsync](ResourceInvoker invoker, Task lastTask, State next, Scope scope, Object state, Boolean isCompleted)
   at Microsoft.AspNetCore.Mvc.Infrastructure.ResourceInvoker.Rethrow(ResultExecutedContextSealed context)
   at Microsoft.AspNetCore.Mvc.Infrastructure.ResourceInvoker.ResultNext[TFilter,TFilterAsync](State& next, Scope& scope, Object& state, Boolean& isCompleted)
   at Microsoft.AspNetCore.Mvc.Infrastructure.ResourceInvoker.InvokeResultFilters()
--- End of stack trace from previous location ---
   at Microsoft.AspNetCore.Mvc.Infrastructure.ResourceInvoker.<InvokeNextResourceFilter>g__Awaited|25_0(ResourceInvoker invoker, Task lastTask, State next, Scope scope, Object state, Boolean isCompleted)
   at Microsoft.AspNetCore.Mvc.Infrastructure.ResourceInvoker.Rethrow(ResourceExecutedContextSealed context)
   at Microsoft.AspNetCore.Mvc.Infrastructure.ResourceInvoker.Next(State& next, Scope& scope, Object& state, Boolean& isCompleted)
   at Microsoft.AspNetCore.Mvc.Infrastructure.ResourceInvoker.<InvokeFilterPipelineAsync>g__Awaited|20_0(ResourceInvoker invoker, Task lastTask, State next, Scope scope, Object state, Boolean isCompleted)
   at Microsoft.AspNetCore.Mvc.Infrastructure.ResourceInvoker.<InvokeAsync>g__Logged|17_1(ResourceInvoker invoker)
   at Microsoft.AspNetCore.Mvc.Infrastructure.ResourceInvoker.<InvokeAsync>g__Logged|17_1(ResourceInvoker invoker)
   at Microsoft.AspNetCore.Routing.EndpointMiddleware.<Invoke>g__AwaitRequestTask|6_0(Endpoint endpoint, Task requestTask, ILogger logger)
   at Microsoft.AspNetCore.Authentication.AuthenticationMiddleware.Invoke(HttpContext context)
   at Microsoft.AspNetCore.Authorization.AuthorizationMiddleware.Invoke(HttpContext context)
   at Microsoft.AspNetCore.Diagnostics.DeveloperExceptionPageMiddlewareImpl.Invoke(HttpContext context)|url: https://localhost/User/Register|action: Register|Microsoft.AspNetCore.Diagnostics.DeveloperExceptionPageMiddlewareImpl.Invoke
2023-08-24 16:49:31.9672|0|INFO|SocialProgrammer.Service.Implementations.UserService|Request for register a user - пон |url: https://localhost/User/Register|action: Register|SocialProgrammer.Service.Implementations.UserService.RegisterUser
2023-08-24 16:49:40.9968|0|INFO|SocialProgrammer.Service.Implementations.UserService|User created - пон |url: https://localhost/User/Register|action: Register|SocialProgrammer.Service.Implementations.UserService.RegisterUser
2023-08-24 21:59:16.5139|0|INFO|Microsoft.Hosting.Lifetime|Application started. Press Ctrl+C to shut down. |url: |action: |Microsoft.Extensions.Hosting.Internal.ConsoleLifetime.OnApplicationStarted
2023-08-24 21:59:16.5497|0|INFO|Microsoft.Hosting.Lifetime|Hosting environment: Development |url: |action: |Microsoft.Extensions.Hosting.Internal.ConsoleLifetime.OnApplicationStarted
2023-08-24 21:59:16.5497|0|INFO|Microsoft.Hosting.Lifetime|Content root path: E:\VS2022\SocialProgrammer\ToDoList |url: |action: |Microsoft.Extensions.Hosting.Internal.ApplicationLifetime.NotifyStarted
2023-08-24 22:04:41.3239|0|INFO|Microsoft.Hosting.Lifetime|Application started. Press Ctrl+C to shut down. |url: |action: |Microsoft.Extensions.Hosting.Internal.ConsoleLifetime.OnApplicationStarted
2023-08-24 22:04:41.3398|0|INFO|Microsoft.Hosting.Lifetime|Hosting environment: Development |url: |action: |Microsoft.Extensions.Hosting.Internal.ConsoleLifetime.OnApplicationStarted
2023-08-24 22:04:41.3398|0|INFO|Microsoft.Hosting.Lifetime|Content root path: E:\VS2022\SocialProgrammer\ToDoList |url: |action: |Microsoft.Extensions.Hosting.Internal.ApplicationLifetime.NotifyStarted
2023-08-24 22:05:57.1192|0|INFO|Microsoft.Hosting.Lifetime|Application started. Press Ctrl+C to shut down. |url: |action: |Microsoft.Extensions.Hosting.Internal.ConsoleLifetime.OnApplicationStarted
2023-08-24 22:05:57.1345|0|INFO|Microsoft.Hosting.Lifetime|Hosting environment: Development |url: |action: |Microsoft.Extensions.Hosting.Internal.ConsoleLifetime.OnApplicationStarted
2023-08-24 22:05:57.1345|0|INFO|Microsoft.Hosting.Lifetime|Content root path: E:\VS2022\SocialProgrammer\ToDoList |url: |action: |Microsoft.Extensions.Hosting.Internal.ApplicationLifetime.NotifyStarted
2023-08-24 22:06:06.3636|0|INFO|SocialProgrammer.Service.Implementations.ProfileService|Request for create a profile - пон |url: https://localhost/Profile/CreateProfile|action: CreateProfile|SocialProgrammer.Service.Implementations.ProfileService.CreateProfile
2023-08-24 22:06:06.4302|0|INFO|SocialProgrammer.Service.Implementations.ProfileService|Profile created: пон |url: https://localhost/Profile/CreateProfile|action: CreateProfile|SocialProgrammer.Service.Implementations.ProfileService.CreateProfile
2023-08-24 22:07:31.0266|0|INFO|Microsoft.Hosting.Lifetime|Application started. Press Ctrl+C to shut down. |url: |action: |Microsoft.Extensions.Hosting.Internal.ConsoleLifetime.OnApplicationStarted
2023-08-24 22:07:31.0434|0|INFO|Microsoft.Hosting.Lifetime|Hosting environment: Development |url: |action: |Microsoft.Extensions.Hosting.Internal.ConsoleLifetime.OnApplicationStarted
2023-08-24 22:07:31.0434|0|INFO|Microsoft.Hosting.Lifetime|Content root path: E:\VS2022\SocialProgrammer\ToDoList |url: |action: |Microsoft.Extensions.Hosting.Internal.ApplicationLifetime.NotifyStarted
2023-08-24 22:07:38.6148|0|INFO|SocialProgrammer.Service.Implementations.ProfileService|Request for create a profile - пон |url: https://localhost/Profile/CreateProfile|action: CreateProfile|SocialProgrammer.Service.Implementations.ProfileService.CreateProfile
2023-08-24 22:07:57.2860|0|INFO|Microsoft.Hosting.Lifetime|Application started. Press Ctrl+C to shut down. |url: |action: |Microsoft.Extensions.Hosting.Internal.ConsoleLifetime.OnApplicationStarted
2023-08-24 22:07:57.3010|0|INFO|Microsoft.Hosting.Lifetime|Hosting environment: Development |url: |action: |Microsoft.Extensions.Hosting.Internal.ConsoleLifetime.OnApplicationStarted
2023-08-24 22:07:57.3010|0|INFO|Microsoft.Hosting.Lifetime|Content root path: E:\VS2022\SocialProgrammer\ToDoList |url: |action: |Microsoft.Extensions.Hosting.Internal.ApplicationLifetime.NotifyStarted
2023-08-24 22:08:03.7870|0|INFO|SocialProgrammer.Service.Implementations.ProfileService|Request for create a profile - понy |url: https://localhost/Profile/CreateProfile|action: CreateProfile|SocialProgrammer.Service.Implementations.ProfileService.CreateProfile
2023-08-24 22:08:03.8653|0|INFO|SocialProgrammer.Service.Implementations.ProfileService|Profile created: понy |url: https://localhost/Profile/CreateProfile|action: CreateProfile|SocialProgrammer.Service.Implementations.ProfileService.CreateProfile
2023-08-24 22:08:43.8793|0|INFO|Microsoft.Hosting.Lifetime|Application started. Press Ctrl+C to shut down. |url: |action: |Microsoft.Extensions.Hosting.Internal.ConsoleLifetime.OnApplicationStarted
2023-08-24 22:08:43.8793|0|INFO|Microsoft.Hosting.Lifetime|Hosting environment: Development |url: |action: |Microsoft.Extensions.Hosting.Internal.ConsoleLifetime.OnApplicationStarted
2023-08-24 22:08:43.8793|0|INFO|Microsoft.Hosting.Lifetime|Content root path: E:\VS2022\SocialProgrammer\ToDoList |url: |action: |Microsoft.Extensions.Hosting.Internal.ApplicationLifetime.NotifyStarted
2023-08-24 22:09:16.4620|0|INFO|SocialProgrammer.Service.Implementations.UserService|Request for login a user - Саша Пономарев |url: https://localhost/User/Login|action: Login|SocialProgrammer.Service.Implementations.UserService.LoginUser
2023-08-24 22:09:22.5773|0|ERROR|Microsoft.AspNetCore.Mvc.ViewFeatures.ViewResultExecutor|The view 'Login' was not found. Searched locations: /Views/User/Login.cshtml, /Views/Shared/Login.cshtml |url: https://localhost/User/Login|action: Login|Microsoft.AspNetCore.Mvc.ViewFeatures.ViewResultExecutor+Log.ViewNotFound
2023-08-24 22:09:22.5992|0|ERROR|Microsoft.AspNetCore.Diagnostics.DeveloperExceptionPageMiddleware|An unhandled exception has occurred while executing the request. System.InvalidOperationException: The view 'Login' was not found. The following locations were searched:
/Views/User/Login.cshtml
/Views/Shared/Login.cshtml
   at Microsoft.AspNetCore.Mvc.ViewEngines.ViewEngineResult.EnsureSuccessful(IEnumerable`1 originalLocations)
   at Microsoft.AspNetCore.Mvc.ViewFeatures.ViewResultExecutor.ExecuteAsync(ActionContext context, ViewResult result)
   at Microsoft.AspNetCore.Mvc.ViewResult.ExecuteResultAsync(ActionContext context)
   at Microsoft.AspNetCore.Mvc.Infrastructure.ResourceInvoker.<InvokeResultAsync>g__Logged|22_0(ResourceInvoker invoker, IActionResult result)
   at Microsoft.AspNetCore.Mvc.Infrastructure.ResourceInvoker.<InvokeNextResultFilterAsync>g__Awaited|30_0[TFilter,TFilterAsync](ResourceInvoker invoker, Task lastTask, State next, Scope scope, Object state, Boolean isCompleted)
   at Microsoft.AspNetCore.Mvc.Infrastructure.ResourceInvoker.Rethrow(ResultExecutedContextSealed context)
   at Microsoft.AspNetCore.Mvc.Infrastructure.ResourceInvoker.ResultNext[TFilter,TFilterAsync](State& next, Scope& scope, Object& state, Boolean& isCompleted)
   at Microsoft.AspNetCore.Mvc.Infrastructure.ResourceInvoker.InvokeResultFilters()
--- End of stack trace from previous location ---
   at Microsoft.AspNetCore.Mvc.Infrastructure.ResourceInvoker.<InvokeNextResourceFilter>g__Awaited|25_0(ResourceInvoker invoker, Task lastTask, State next, Scope scope, Object state, Boolean isCompleted)
   at Microsoft.AspNetCore.Mvc.Infrastructure.ResourceInvoker.Rethrow(ResourceExecutedContextSealed context)
   at Microsoft.AspNetCore.Mvc.Infrastructure.ResourceInvoker.Next(State& next, Scope& scope, Object& state, Boolean& isCompleted)
   at Microsoft.AspNetCore.Mvc.Infrastructure.ResourceInvoker.InvokeFilterPipelineAsync()
--- End of stack trace from previous location ---
   at Microsoft.AspNetCore.Mvc.Infrastructure.ResourceInvoker.<InvokeAsync>g__Logged|17_1(ResourceInvoker invoker)
   at Microsoft.AspNetCore.Mvc.Infrastructure.ResourceInvoker.<InvokeAsync>g__Logged|17_1(ResourceInvoker invoker)
   at Microsoft.AspNetCore.Routing.EndpointMiddleware.<Invoke>g__AwaitRequestTask|6_0(Endpoint endpoint, Task requestTask, ILogger logger)
   at Microsoft.AspNetCore.Authentication.AuthenticationMiddleware.Invoke(HttpContext context)
   at Microsoft.AspNetCore.Authorization.AuthorizationMiddleware.Invoke(HttpContext context)
   at Microsoft.AspNetCore.Diagnostics.DeveloperExceptionPageMiddlewareImpl.Invoke(HttpContext context)|url: https://localhost/User/Login|action: Login|Microsoft.AspNetCore.Diagnostics.DeveloperExceptionPageMiddlewareImpl.Invoke
2023-08-24 22:09:41.3674|0|INFO|Microsoft.Hosting.Lifetime|Application started. Press Ctrl+C to shut down. |url: |action: |Microsoft.Extensions.Hosting.Internal.ConsoleLifetime.OnApplicationStarted
2023-08-24 22:09:41.3827|0|INFO|Microsoft.Hosting.Lifetime|Hosting environment: Development |url: |action: |Microsoft.Extensions.Hosting.Internal.ConsoleLifetime.OnApplicationStarted
2023-08-24 22:09:41.3827|0|INFO|Microsoft.Hosting.Lifetime|Content root path: E:\VS2022\SocialProgrammer\ToDoList |url: |action: |Microsoft.Extensions.Hosting.Internal.ApplicationLifetime.NotifyStarted
2023-08-24 22:10:01.9780|0|INFO|SocialProgrammer.Service.Implementations.UserService|Request for register a user - Саша Пономаревв |url: https://localhost/User/Register|action: Register|SocialProgrammer.Service.Implementations.UserService.RegisterUser
2023-08-24 22:10:07.6511|0|INFO|SocialProgrammer.Service.Implementations.UserService|User created - Саша Пономаревв |url: https://localhost/User/Register|action: Register|SocialProgrammer.Service.Implementations.UserService.RegisterUser
2023-08-24 22:10:24.5977|0|INFO|SocialProgrammer.Service.Implementations.ProfileService|Request for create a profile - Саша Пономаревв |url: https://localhost/Profile/CreateProfile|action: CreateProfile|SocialProgrammer.Service.Implementations.ProfileService.CreateProfile
2023-08-24 22:10:24.6151|0|INFO|SocialProgrammer.Service.Implementations.ProfileService|Profile created: Саша Пономаревв |url: https://localhost/Profile/CreateProfile|action: CreateProfile|SocialProgrammer.Service.Implementations.ProfileService.CreateProfile
2023-08-24 22:10:38.0432|0|INFO|Microsoft.Hosting.Lifetime|Application started. Press Ctrl+C to shut down. |url: |action: |Microsoft.Extensions.Hosting.Internal.ConsoleLifetime.OnApplicationStarted
2023-08-24 22:10:38.0569|0|INFO|Microsoft.Hosting.Lifetime|Hosting environment: Development |url: |action: |Microsoft.Extensions.Hosting.Internal.ConsoleLifetime.OnApplicationStarted
2023-08-24 22:10:38.0569|0|INFO|Microsoft.Hosting.Lifetime|Content root path: E:\VS2022\SocialProgrammer\ToDoList |url: |action: |Microsoft.Extensions.Hosting.Internal.ApplicationLifetime.NotifyStarted
2023-08-24 22:10:48.5403|0|INFO|SocialProgrammer.Service.Implementations.UserService|Request for login a user - Саша Пономаревв |url: https://localhost/User/Login|action: Login|SocialProgrammer.Service.Implementations.UserService.LoginUser
2023-08-24 22:10:48.5654|0|INFO|SocialProgrammer.Service.Implementations.UserService|User logined - Саша Пономаревв |url: https://localhost/User/Login|action: Login|SocialProgrammer.Service.Implementations.UserService.LoginUser
