2023-08-30 14:42:42.9110|0|INFO|Microsoft.Hosting.Lifetime|Application started. Press Ctrl+C to shut down. |url: |action: |Microsoft.Extensions.Hosting.Internal.ConsoleLifetime.OnApplicationStarted
2023-08-30 14:42:42.9271|0|INFO|Microsoft.Hosting.Lifetime|Hosting environment: Development |url: |action: |Microsoft.Extensions.Hosting.Internal.ConsoleLifetime.OnApplicationStarted
2023-08-30 14:42:42.9271|0|INFO|Microsoft.Hosting.Lifetime|Content root path: E:\VS2022\SocialProgrammer\ToDoList |url: |action: |Microsoft.Extensions.Hosting.Internal.ApplicationLifetime.NotifyStarted
2023-08-30 14:42:48.7192|0|INFO|SocialProgrammer.Service.Implementations.ArticleService|Request for create an articles |url: https://localhost/Article/ArticleForm|action: ArticleForm|SocialProgrammer.Service.Implementations.ArticleService.GetAll
2023-08-30 14:42:48.7413|0|INFO|SocialProgrammer.Service.Implementations.ArticleService|Get articles |url: https://localhost/Article/ArticleForm|action: ArticleForm|SocialProgrammer.Service.Implementations.ArticleService.GetAll
2023-08-30 14:43:02.0048|0|INFO|SocialProgrammer.Service.Implementations.UserService|Request for login a user - Саша Пономаревввв |url: https://localhost/User/Login|action: Login|SocialProgrammer.Service.Implementations.UserService.LoginUser
2023-08-30 14:43:02.0984|0|INFO|SocialProgrammer.Service.Implementations.UserService|User logined - Саша Пономаревввв |url: https://localhost/User/Login|action: Login|SocialProgrammer.Service.Implementations.UserService.LoginUser
2023-08-30 14:43:02.1150|0|INFO|SocialProgrammer.Service.Implementations.ArticleService|Request for create an articles |url: https://localhost/Article/ArticleForm|action: ArticleForm|SocialProgrammer.Service.Implementations.ArticleService.GetAll
2023-08-30 14:43:02.1150|0|INFO|SocialProgrammer.Service.Implementations.ArticleService|Get articles |url: https://localhost/Article/ArticleForm|action: ArticleForm|SocialProgrammer.Service.Implementations.ArticleService.GetAll
2023-08-30 14:43:22.7081|0|INFO|SocialProgrammer.Service.Implementations.MessageService|Request for create a message - Hello |url: https://localhost/Message/CreateMessage|action: CreateMessage|SocialProgrammer.Service.Implementations.MessageService.CreateMessage
2023-08-30 14:43:22.8399|0|INFO|SocialProgrammer.Service.Implementations.MessageService|Message created: Hello |url: https://localhost/Message/CreateMessage|action: CreateMessage|SocialProgrammer.Service.Implementations.MessageService.CreateMessage
2023-08-30 16:48:34.5991|0|INFO|Microsoft.Hosting.Lifetime|Application started. Press Ctrl+C to shut down. |url: |action: |Microsoft.Extensions.Hosting.Internal.ConsoleLifetime.OnApplicationStarted
2023-08-30 16:48:34.6143|0|INFO|Microsoft.Hosting.Lifetime|Hosting environment: Development |url: |action: |Microsoft.Extensions.Hosting.Internal.ConsoleLifetime.OnApplicationStarted
2023-08-30 16:48:34.6143|0|INFO|Microsoft.Hosting.Lifetime|Content root path: E:\VS2022\SocialProgrammer\ToDoList |url: |action: |Microsoft.Extensions.Hosting.Internal.ApplicationLifetime.NotifyStarted
2023-08-30 16:49:01.2567|0|INFO|Microsoft.Hosting.Lifetime|Application started. Press Ctrl+C to shut down. |url: |action: |Microsoft.Extensions.Hosting.Internal.ConsoleLifetime.OnApplicationStarted
2023-08-30 16:49:01.2718|0|INFO|Microsoft.Hosting.Lifetime|Hosting environment: Development |url: |action: |Microsoft.Extensions.Hosting.Internal.ConsoleLifetime.OnApplicationStarted
2023-08-30 16:49:01.2718|0|INFO|Microsoft.Hosting.Lifetime|Content root path: E:\VS2022\SocialProgrammer\ToDoList |url: |action: |Microsoft.Extensions.Hosting.Internal.ApplicationLifetime.NotifyStarted
2023-08-30 16:51:49.2048|0|INFO|Microsoft.Hosting.Lifetime|Application started. Press Ctrl+C to shut down. |url: |action: |Microsoft.Extensions.Hosting.Internal.ConsoleLifetime.OnApplicationStarted
2023-08-30 16:51:49.2201|0|INFO|Microsoft.Hosting.Lifetime|Hosting environment: Development |url: |action: |Microsoft.Extensions.Hosting.Internal.ConsoleLifetime.OnApplicationStarted
2023-08-30 16:51:49.2201|0|INFO|Microsoft.Hosting.Lifetime|Content root path: E:\VS2022\SocialProgrammer\ToDoList |url: |action: |Microsoft.Extensions.Hosting.Internal.ApplicationLifetime.NotifyStarted
2023-08-30 16:55:03.3065|0|INFO|Microsoft.Hosting.Lifetime|Application started. Press Ctrl+C to shut down. |url: |action: |Microsoft.Extensions.Hosting.Internal.ConsoleLifetime.OnApplicationStarted
2023-08-30 16:55:03.3253|0|INFO|Microsoft.Hosting.Lifetime|Hosting environment: Development |url: |action: |Microsoft.Extensions.Hosting.Internal.ConsoleLifetime.OnApplicationStarted
2023-08-30 16:55:03.3253|0|INFO|Microsoft.Hosting.Lifetime|Content root path: E:\VS2022\SocialProgrammer\ToDoList |url: |action: |Microsoft.Extensions.Hosting.Internal.ApplicationLifetime.NotifyStarted
2023-08-30 21:06:30.7224|0|INFO|Microsoft.Hosting.Lifetime|Application started. Press Ctrl+C to shut down. |url: |action: |Microsoft.Extensions.Hosting.Internal.ConsoleLifetime.OnApplicationStarted
2023-08-30 21:06:30.8343|0|INFO|Microsoft.Hosting.Lifetime|Hosting environment: Development |url: |action: |Microsoft.Extensions.Hosting.Internal.ConsoleLifetime.OnApplicationStarted
2023-08-30 21:06:30.8343|0|INFO|Microsoft.Hosting.Lifetime|Content root path: E:\VS2022\SocialProgrammer\ToDoList |url: |action: |Microsoft.Extensions.Hosting.Internal.ApplicationLifetime.NotifyStarted
2023-08-30 21:06:52.3610|0|INFO|SocialProgrammer.Service.Implementations.MessageService|Request for update a message - thgjfghjgh |url: https://localhost/Message/UpdateMessage|action: UpdateMessage|SocialProgrammer.Service.Implementations.MessageService.UpdateMessage
2023-08-30 21:06:52.4395|0|INFO|SocialProgrammer.Service.Implementations.MessageService|Message updated: hgfjhgjgfhjfgjg |url: https://localhost/Message/UpdateMessage|action: UpdateMessage|SocialProgrammer.Service.Implementations.MessageService.UpdateMessage
2023-08-30 21:07:07.1583|0|INFO|SocialProgrammer.Service.Implementations.MessageService|Request for update a message - hgfjhgjgfhjfgjg |url: https://localhost/Message/UpdateMessage|action: UpdateMessage|SocialProgrammer.Service.Implementations.MessageService.UpdateMessage
2023-08-30 21:07:07.1583|0|INFO|SocialProgrammer.Service.Implementations.MessageService|Message updated: lox |url: https://localhost/Message/UpdateMessage|action: UpdateMessage|SocialProgrammer.Service.Implementations.MessageService.UpdateMessage
2023-08-30 21:22:32.7296|0|INFO|Microsoft.Hosting.Lifetime|Application started. Press Ctrl+C to shut down. |url: |action: |Microsoft.Extensions.Hosting.Internal.ConsoleLifetime.OnApplicationStarted
2023-08-30 21:22:32.7481|0|INFO|Microsoft.Hosting.Lifetime|Hosting environment: Development |url: |action: |Microsoft.Extensions.Hosting.Internal.ConsoleLifetime.OnApplicationStarted
2023-08-30 21:22:32.7481|0|INFO|Microsoft.Hosting.Lifetime|Content root path: E:\VS2022\SocialProgrammer\ToDoList |url: |action: |Microsoft.Extensions.Hosting.Internal.ApplicationLifetime.NotifyStarted
2023-08-30 21:34:13.2766|0|INFO|Microsoft.Hosting.Lifetime|Application started. Press Ctrl+C to shut down. |url: |action: |Microsoft.Extensions.Hosting.Internal.ConsoleLifetime.OnApplicationStarted
2023-08-30 21:34:13.2936|0|INFO|Microsoft.Hosting.Lifetime|Hosting environment: Development |url: |action: |Microsoft.Extensions.Hosting.Internal.ConsoleLifetime.OnApplicationStarted
2023-08-30 21:34:13.2936|0|INFO|Microsoft.Hosting.Lifetime|Content root path: E:\VS2022\SocialProgrammer\ToDoList |url: |action: |Microsoft.Extensions.Hosting.Internal.ApplicationLifetime.NotifyStarted
2023-08-30 21:35:26.3505|0|INFO|Microsoft.Hosting.Lifetime|Application started. Press Ctrl+C to shut down. |url: |action: |Microsoft.Extensions.Hosting.Internal.ConsoleLifetime.OnApplicationStarted
2023-08-30 21:35:26.3671|0|INFO|Microsoft.Hosting.Lifetime|Hosting environment: Development |url: |action: |Microsoft.Extensions.Hosting.Internal.ConsoleLifetime.OnApplicationStarted
2023-08-30 21:35:26.3671|0|INFO|Microsoft.Hosting.Lifetime|Content root path: E:\VS2022\SocialProgrammer\ToDoList |url: |action: |Microsoft.Extensions.Hosting.Internal.ApplicationLifetime.NotifyStarted
2023-08-30 21:35:57.6942|0|INFO|SocialProgrammer.Service.Implementations.MessageService|Request for remove a message - lox |url: https://localhost/Message/DeleteMessage|action: DeleteMessage|SocialProgrammer.Service.Implementations.MessageService.DeleteMessage
2023-08-30 21:35:57.7585|0|INFO|SocialProgrammer.Service.Implementations.MessageService|Message deleted: lox |url: https://localhost/Message/DeleteMessage|action: DeleteMessage|SocialProgrammer.Service.Implementations.MessageService.DeleteMessage
2023-08-30 21:36:48.2070|0|INFO|Microsoft.Hosting.Lifetime|Application started. Press Ctrl+C to shut down. |url: |action: |Microsoft.Extensions.Hosting.Internal.ConsoleLifetime.OnApplicationStarted
2023-08-30 21:36:48.2070|0|INFO|Microsoft.Hosting.Lifetime|Hosting environment: Development |url: |action: |Microsoft.Extensions.Hosting.Internal.ConsoleLifetime.OnApplicationStarted
2023-08-30 21:36:48.2070|0|INFO|Microsoft.Hosting.Lifetime|Content root path: E:\VS2022\SocialProgrammer\ToDoList |url: |action: |Microsoft.Extensions.Hosting.Internal.ApplicationLifetime.NotifyStarted
